<?xml version="1.0" encoding="UTF-8"?>
<!-- Generated by org.testng.reporters.JUnitXMLReporter -->
<testsuite ignored="1" hostname="DESKTOP-GET1OHG" failures="0" tests="5" name="Test" time="0.077" errors="0" timestamp="2023-07-03T08:56:12 IST">
  <testcase classname="day05.Program6" name="testcase01" time="0.005"/>
  <testcase classname="day05.Program6" name="testcase02" time="0.004"/>
  <testcase classname="day05.Program6" name="testcase03" time="0.002"/>
  <testcase classname="day05.Program6" name="testcase04" time="0.002"/>
  <testcase classname="day05.Program6" name="testcase06" time="0.005"/>
  <testcase classname="day05.Program6" name="testcase05" time="0.0">
    <ignored/>
  </testcase> <!-- testcase05 -->
</testsuite> <!-- Test -->
