<?xml version="1.0" encoding="UTF-8"?>
<testng-results ignored="0" total="2" passed="2" failed="0" skipped="0">
  <reporter-output>
  </reporter-output>
  <suite started-at="2023-07-10T09:11:49 IST" name="Default suite" finished-at="2023-07-10T09:12:10 IST" duration-ms="21079">
    <groups>
    </groups>
    <test started-at="2023-07-10T09:11:49 IST" name="Default test" finished-at="2023-07-10T09:12:10 IST" duration-ms="21079">
      <class name="day09.TestCase">
        <test-method signature="testCase01()[pri:0, instance:day09.TestCase@52af26ee]" started-at="2023-07-10T09:11:49 IST" name="testCase01" finished-at="2023-07-10T09:12:10 IST" duration-ms="20906" status="PASS">
          <reporter-output>
          </reporter-output>
        </test-method> <!-- testCase01 -->
        <test-method signature="testCase02()[pri:0, instance:day09.TestCase@52af26ee]" started-at="2023-07-10T09:12:10 IST" name="testCase02" finished-at="2023-07-10T09:12:10 IST" duration-ms="124" status="PASS">
          <reporter-output>
          </reporter-output>
        </test-method> <!-- testCase02 -->
      </class> <!-- day09.TestCase -->
    </test> <!-- Default test -->
  </suite> <!-- Default suite -->
</testng-results>
