<?xml version="1.0" encoding="UTF-8"?>
<testng-results ignored="0" total="2" passed="2" failed="0" skipped="0">
  <reporter-output>
  </reporter-output>
  <suite started-at="2023-07-06T09:00:45 IST" name="Default suite" finished-at="2023-07-06T09:01:04 IST" duration-ms="19899">
    <groups>
    </groups>
    <test started-at="2023-07-06T09:00:45 IST" name="Default test" finished-at="2023-07-06T09:01:04 IST" duration-ms="19899">
      <class name="day07.TestCase">
        <test-method signature="testCase01()[pri:0, instance:day07.TestCase@25fb8912]" started-at="2023-07-06T09:00:45 IST" name="testCase01" finished-at="2023-07-06T09:00:57 IST" duration-ms="11926" status="PASS">
          <reporter-output>
          </reporter-output>
        </test-method> <!-- testCase01 -->
        <test-method signature="testCase02()[pri:0, instance:day07.TestCase@25fb8912]" started-at="2023-07-06T09:00:57 IST" name="testCase02" finished-at="2023-07-06T09:01:04 IST" duration-ms="7925" status="PASS">
          <reporter-output>
          </reporter-output>
        </test-method> <!-- testCase02 -->
      </class> <!-- day07.TestCase -->
    </test> <!-- Default test -->
  </suite> <!-- Default suite -->
</testng-results>
